3/29/2023, 1:54:14 PM || 'Player name : CAPIΤAN VENTOSA and his elo : DIAMOND'
3/29/2023, 1:54:14 PM || 'matchId: EUW1_6316548044 forecast accomplished'
3/29/2023, 1:54:14 PM || 'Team1'
3/29/2023, 1:54:14 PM || [ 'Sion', 'Maokai', 'Viktor', 'Ezreal', 'Karma' ]
3/29/2023, 1:54:14 PM || 'Team2'
3/29/2023, 1:54:14 PM || [ 'Darius', 'Vi', 'Annie', 'Jinx', 'Rakan' ]
3/29/2023, 1:54:14 PM || 'win percentage : 53% INCORRECT winner is team 2'
3/29/2023, 1:54:14 PM || 'matchId: EUW1_6316548045 unwanted queue id : 400'
3/29/2023, 1:56:41 PM || 'Player name : Halpern and his elo : PLATINUM'
3/29/2023, 1:56:41 PM || 'matchId: EUW1_6336859901 forecast accomplished'
3/29/2023, 1:56:41 PM || 'Team1'
3/29/2023, 1:56:41 PM || [ 'Akshan', 'Lee Sin', 'Diana', 'Twitch', 'Lulu' ]
3/29/2023, 1:56:41 PM || 'Team2'
3/29/2023, 1:56:41 PM || [ 'Irelia', 'Rengar', 'Corki', "Kai'Sa", 'Senna' ]
3/29/2023, 1:56:41 PM || 'win percentage : 67% CORRECT winner is team 1'
3/29/2023, 1:56:41 PM || 'matchId: EUW1_6336859902 = Not Found'
3/29/2023, 1:56:42 PM || 'matchId: EUW1_6336859903 unwanted queue id : 450'
3/29/2023, 1:56:43 PM || 'matchId: EUW1_6336859904 = Not Found'
3/29/2023, 1:56:44 PM || 'matchId: EUW1_6336859905 = Not Found'
3/29/2023, 1:56:45 PM || 'matchId: EUW1_6336859906 = Not Found'
3/29/2023, 1:56:46 PM || 'matchId: EUW1_6336859907 = Not Found'
3/29/2023, 1:56:48 PM || 'matchId: EUW1_6336859908 unwanted queue id : 440'
3/29/2023, 1:56:48 PM || 'matchId: EUW1_6336859909 = Not Found'
3/29/2023, 1:56:49 PM || 'matchId: EUW1_6336859910 = Not Found'
3/29/2023, 1:56:50 PM || 'matchId: EUW1_6336859911 = Not Found'
3/29/2023, 1:56:52 PM || 'matchId: EUW1_6336859912 unwanted queue id : 450'
3/29/2023, 1:56:53 PM || 'matchId: EUW1_6336859913 One guy was unranked'
3/29/2023, 1:56:54 PM || 'matchId: EUW1_6336859914 One guy was unranked'
3/29/2023, 1:56:54 PM || 'matchId: EUW1_6336859915 = Not Found'
3/29/2023, 1:56:55 PM || 'matchId: EUW1_6336859916 = Not Found'
3/29/2023, 1:56:56 PM || 'matchId: EUW1_6336859917 = Not Found'
3/29/2023, 1:56:58 PM || 'matchId: EUW1_6336859918 unwanted queue id : 450'
3/29/2023, 1:56:59 PM || 'matchId: EUW1_6336859919 One guy was unranked'
3/29/2023, 1:57:00 PM || 'matchId: EUW1_6336859920 One guy was unranked'
3/29/2023, 1:57:00 PM || 'matchId: EUW1_6336859921 = Not Found'
3/29/2023, 1:57:01 PM || 'matchId: EUW1_6336859922 = Not Found'
3/29/2023, 1:57:02 PM || 'matchId: EUW1_6336859923 = Not Found'
3/29/2023, 1:57:04 PM || 'matchId: EUW1_6336859924 = Not Found'
3/29/2023, 1:57:05 PM || 'matchId: EUW1_6336859925 SILVER RANK not interesting'
3/29/2023, 1:57:06 PM || 'matchId: EUW1_6336859926 BRONZE RANK not interesting'
3/29/2023, 1:57:07 PM || 'matchId: EUW1_6336859927 = Not Found'
3/29/2023, 1:57:08 PM || 'matchId: EUW1_6336859928 unwanted queue id : 450'
3/29/2023, 1:57:09 PM || 'matchId: EUW1_6336859929 unwanted queue id : 830'
3/29/2023, 1:57:10 PM || 'matchId: EUW1_6336859930 unwanted queue id : 400'
3/29/2023, 1:57:11 PM || 'matchId: EUW1_6336859931 = Not Found'
3/29/2023, 1:57:12 PM || 'matchId: EUW1_6336859932 = Not Found'
3/29/2023, 1:57:13 PM || 'matchId: EUW1_6336859933 = Not Found'
3/29/2023, 1:57:14 PM || 'matchId: EUW1_6336859934 = Not Found'
3/29/2023, 1:57:15 PM || 'matchId: EUW1_6336859935 unwanted queue id : 400'
3/29/2023, 1:57:16 PM || 'matchId: EUW1_6336859936 = Not Found'
3/29/2023, 1:57:17 PM || 'matchId: EUW1_6336859937 = Not Found'
3/29/2023, 1:57:18 PM || 'matchId: EUW1_6336859938 = Not Found'
3/29/2023, 1:57:19 PM || 'matchId: EUW1_6336859939 = Not Found'
3/29/2023, 1:57:20 PM || 'matchId: EUW1_6336859940 BRONZE RANK not interesting'
3/29/2023, 1:57:21 PM || 'matchId: EUW1_6336859941 = Not Found'
3/29/2023, 1:57:22 PM || 'matchId: EUW1_6336859942 = Not Found'
3/29/2023, 1:57:23 PM || 'matchId: EUW1_6336859943 = Not Found'
3/29/2023, 1:57:24 PM || 'matchId: EUW1_6336859944 = Not Found'
3/29/2023, 1:57:26 PM || 'Player name : iam adidas fap  and his elo : PLATINUM'
3/29/2023, 1:57:26 PM || 'matchId: EUW1_6336859945 forecast accomplished'
3/29/2023, 1:57:26 PM || 'Team1'
3/29/2023, 1:57:26 PM || [ 'Malphite', 'Sylas', 'Akali', 'Aphelios', 'Thresh' ]
3/29/2023, 1:57:26 PM || 'Team2'
3/29/2023, 1:57:26 PM || [ 'Renekton', 'Lee Sin', 'Ryze', 'Jinx', 'Taric' ]
3/29/2023, 1:57:26 PM || 'win percentage : 72% CORRECT winner is team 1'
3/29/2023, 1:57:27 PM || 'matchId: EUW1_6336859946 unwanted queue id : 450'
3/29/2023, 1:57:28 PM || 'matchId: EUW1_6336859947 unwanted queue id : 400'
3/29/2023, 1:57:29 PM || 'matchId: EUW1_6336859948 = Not Found'
3/29/2023, 1:57:30 PM || 'matchId: EUW1_6336859949 = Not Found'
3/29/2023, 1:57:31 PM || 'matchId: EUW1_6336859950 BRONZE RANK not interesting'
3/29/2023, 1:57:32 PM || 'matchId: EUW1_6336859951 = Not Found'
3/29/2023, 1:57:33 PM || 'matchId: EUW1_6336859952 unwanted queue id : 400'
3/29/2023, 1:57:34 PM || 'matchId: EUW1_6336859953 = Not Found'
3/29/2023, 1:57:35 PM || 'matchId: EUW1_6336859954 unwanted queue id : 840'
3/29/2023, 1:57:36 PM || 'matchId: EUW1_6336859955 = Not Found'
3/29/2023, 1:57:37 PM || 'Sleeping 61974'
